
**** 12/14/20 21:16:52 *********** Evaluation PSpice (Nov 1999) **************

 * F:\8th Semester\CSE250\Lab\Lab- 3\Lab03--Circuit--02.sch


 ****     CIRCUIT DESCRIPTION


******************************************************************************




* Schematics Version 9.1 - Web Update 1
* Mon Dec 14 21:16:52 2020



** Analysis setup **
.OP 


* From [PSPICE NETLIST] section of pspiceev.ini:
.lib "nom.lib"

.INC "Lab03--Circuit--02.net"

**** INCLUDING Lab03--Circuit--02.net ****
* Schematics Netlist *



V_V1         $N_0001 0 6V
R_R1         0 $N_0001  4k  
R_R3         0 $N_0001  5.5k  
R_R2         0 $N_0001  8.5k  

**** RESUMING Lab03--Circuit--02.cir ****
.INC "Lab03--Circuit--02.als"



**** INCLUDING Lab03--Circuit--02.als ****
* Schematics Aliases *

.ALIASES
V_V1            V1(+=$N_0001 -=0 )
R_R1            R1(1=0 2=$N_0001 )
R_R3            R3(1=0 2=$N_0001 )
R_R2            R2(1=0 2=$N_0001 )
.ENDALIASES


**** RESUMING Lab03--Circuit--02.cir ****
.probe


.END

**** 12/14/20 21:16:52 *********** Evaluation PSpice (Nov 1999) **************

 * F:\8th Semester\CSE250\Lab\Lab- 3\Lab03--Circuit--02.sch


 ****     SMALL SIGNAL BIAS SOLUTION       TEMPERATURE =   27.000 DEG C


******************************************************************************



 NODE   VOLTAGE     NODE   VOLTAGE     NODE   VOLTAGE     NODE   VOLTAGE


($N_0001)    6.0000                   




    VOLTAGE SOURCE CURRENTS
    NAME         CURRENT

    V_V1        -3.297E-03

    TOTAL POWER DISSIPATION   1.98E-02  WATTS


**** 12/14/20 21:16:52 *********** Evaluation PSpice (Nov 1999) **************

 * F:\8th Semester\CSE250\Lab\Lab- 3\Lab03--Circuit--02.sch


 ****     OPERATING POINT INFORMATION      TEMPERATURE =   27.000 DEG C


******************************************************************************





          JOB CONCLUDED

          TOTAL JOB TIME             .03
