
**** 04/17/21 23:37:12 *********** Evaluation PSpice (Nov 1999) **************

 * E:\SEMESTER\Fall- 20\CSE250 Circuits and Electronics\Lab\Lab- 3\Schematic1.sch


 ****     CIRCUIT DESCRIPTION


******************************************************************************




* Schematics Version 9.1 - Web Update 1
* Sat Apr 17 23:37:06 2021



** Analysis setup **
.OP 


* From [PSPICE NETLIST] section of pspiceev.ini:
.lib "nom.lib"

.INC "Schematic1.net"

**** INCLUDING Schematic1.net ****
* Schematics Netlist *



R_R2         0 $N_0001  10  
R_R3         0 $N_0001  5  
R_R4         0 $N_0002  4  
R_R1         $N_0001 $N_0002  2  
I_I2         $N_0001 $N_0002 DC 12A  
I_I1         0 $N_0002 DC 6A  

**** RESUMING Schematic1.cir ****
.INC "Schematic1.als"



**** INCLUDING Schematic1.als ****
* Schematics Aliases *

.ALIASES
R_R2            R2(1=0 2=$N_0001 )
R_R3            R3(1=0 2=$N_0001 )
R_R4            R4(1=0 2=$N_0002 )
R_R1            R1(1=$N_0001 2=$N_0002 )
I_I2            I2(+=$N_0001 -=$N_0002 )
I_I1            I1(+=0 -=$N_0002 )
.ENDALIASES


**** RESUMING Schematic1.cir ****
.probe


.END

**** 04/17/21 23:37:12 *********** Evaluation PSpice (Nov 1999) **************

 * E:\SEMESTER\Fall- 20\CSE250 Circuits and Electronics\Lab\Lab- 3\Schematic1.sch


 ****     SMALL SIGNAL BIAS SOLUTION       TEMPERATURE =   27.000 DEG C


******************************************************************************



 NODE   VOLTAGE     NODE   VOLTAGE     NODE   VOLTAGE     NODE   VOLTAGE


($N_0001)-17.14E-12                   ($N_0002)   24.0000                   




    VOLTAGE SOURCE CURRENTS
    NAME         CURRENT


    TOTAL POWER DISSIPATION   0.00E+00  WATTS


**** 04/17/21 23:37:12 *********** Evaluation PSpice (Nov 1999) **************

 * E:\SEMESTER\Fall- 20\CSE250 Circuits and Electronics\Lab\Lab- 3\Schematic1.sch


 ****     OPERATING POINT INFORMATION      TEMPERATURE =   27.000 DEG C


******************************************************************************





          JOB CONCLUDED

          TOTAL JOB TIME             .02
